SF:lib\core\error\faillure.dart
DA:8,8
DA:12,5
DA:13,10
LF:3
LH:3
end_of_record
SF:lib\core\providers\url_provider.dart
DA:4,1
DA:5,1
DA:8,0
DA:10,1
DA:14,1
LF:5
LH:4
end_of_record
SF:lib\features\landing_page\data\data_source\photo_data_source.dart
DA:19,1
DA:22,1
DA:23,3
DA:25,4
DA:31,2
DA:32,2
DA:33,1
DA:34,2
DA:35,1
DA:36,1
DA:40,1
DA:45,1
DA:46,4
DA:48,4
DA:55,2
DA:56,2
DA:57,1
DA:60,1
LF:18
LH:18
end_of_record
SF:lib\features\landing_page\data\model\photo_model.dart
DA:4,5
DA:14,4
DA:15,4
DA:16,4
DA:27,4
DA:28,4
DA:29,8
DA:32,4
DA:33,12
DA:34,0
DA:35,8
DA:36,8
LF:12
LH:11
end_of_record
SF:lib\features\landing_page\domain\entities\photo.dart
DA:13,9
DA:23,3
DA:24,6
LF:3
LH:3
end_of_record
SF:lib\features\landing_page\domain\use_cases\get_photo_use_case.dart
DA:11,1
DA:13,1
DA:15,2
LF:3
LH:3
end_of_record
SF:lib\core\use_cases\use_case.dart
DA:13,1
DA:14,1
LF:2
LH:2
end_of_record
SF:lib\features\user_profile\domain\entity\user_profile.dart
DA:11,1
DA:19,0
DA:21,0
LF:3
LH:1
end_of_record
SF:lib\features\user_profile\domain\use_cases\get_user_profile_use_case.dart
DA:12,1
DA:16,1
DA:18,2
LF:3
LH:3
end_of_record
SF:lib\features\landing_page\data\repository\photo_repository_impl.dart
DA:11,1
DA:14,1
DA:16,3
DA:17,1
DA:18,1
DA:19,0
DA:21,2
LF:7
LH:6
end_of_record
SF:lib\features\photo_details\data\repository\photo_details_repository_impl.dart
DA:13,1
DA:18,1
DA:20,3
DA:21,1
DA:22,1
DA:23,0
DA:25,2
LF:7
LH:6
end_of_record
SF:lib\features\photo_details\domain\use_cases\get_photo_details_use_case.dart
DA:12,1
DA:16,1
DA:18,2
LF:3
LH:3
end_of_record
SF:lib\features\landing_page\presentation\bloc\photo\photo_state.dart
DA:7,1
DA:11,1
DA:12,1
DA:16,3
DA:20,3
DA:26,2
DA:27,1
DA:28,2
DA:34,3
LF:9
LH:9
end_of_record
SF:lib\features\landing_page\presentation\bloc\photo\photo_bloc.dart
DA:14,3
DA:15,2
DA:16,1
DA:17,2
DA:18,4
DA:19,1
DA:20,4
DA:21,1
DA:22,2
LF:9
LH:9
end_of_record
SF:lib\features\landing_page\presentation\bloc\photo\photo_event.dart
DA:4,1
DA:6,0
DA:7,0
DA:11,1
LF:4
LH:2
end_of_record
SF:lib\features\photo_details\presentation\bloc\photo_details\photo_details_state.dart
DA:5,2
DA:7,1
DA:8,1
DA:18,1
DA:26,2
LF:5
LH:5
end_of_record
SF:lib\features\photo_details\presentation\bloc\photo_details\photo_details_event.dart
DA:5,1
DA:7,0
DA:8,0
DA:14,1
LF:4
LH:2
end_of_record
SF:lib\features\photo_details\presentation\bloc\photo_details\photo_details_bloc.dart
DA:15,1
DA:16,2
DA:17,2
DA:18,1
DA:19,2
DA:20,4
DA:21,1
DA:22,4
DA:23,1
DA:24,2
LF:10
LH:10
end_of_record
