SF:lib\core\error\faillure.dart
DA:8,4
DA:12,2
DA:13,4
LF:3
LH:3
end_of_record
SF:lib\core\providers\url_provider.dart
DA:4,1
DA:5,1
DA:8,0
DA:10,1
DA:14,1
LF:5
LH:4
end_of_record
SF:lib\features\landing_page\data\data_source\photo_data_source.dart
DA:18,1
DA:21,1
DA:22,3
DA:24,4
DA:30,2
DA:31,2
DA:32,1
DA:33,2
DA:34,1
DA:35,1
DA:39,1
LF:11
LH:11
end_of_record
SF:lib\features\landing_page\data\model\photo_model.dart
DA:4,4
DA:14,3
DA:15,3
DA:16,3
DA:17,6
DA:18,3
DA:19,3
DA:20,9
DA:21,0
DA:22,6
DA:23,6
LF:11
LH:10
end_of_record
SF:lib\features\landing_page\domain\entities\photo.dart
DA:13,6
DA:23,3
DA:24,6
LF:3
LH:3
end_of_record
SF:lib\core\use_cases\use_case.dart
DA:13,1
DA:14,1
LF:2
LH:2
end_of_record
SF:lib\features\landing_page\domain\use_cases\get_photo_use_case.dart
DA:11,1
DA:13,1
DA:15,2
LF:3
LH:3
end_of_record
SF:lib\features\landing_page\presentation\bloc\photo\photo_state.dart
DA:7,1
DA:11,1
DA:12,1
DA:16,3
DA:20,3
DA:26,2
DA:27,1
DA:28,2
DA:34,3
LF:9
LH:9
end_of_record
SF:lib\features\landing_page\presentation\bloc\photo\photo_bloc.dart
DA:14,3
DA:15,2
DA:16,1
DA:17,2
DA:18,4
DA:19,1
DA:20,4
DA:21,1
DA:22,2
LF:9
LH:9
end_of_record
SF:lib\features\landing_page\presentation\bloc\photo\photo_event.dart
DA:4,1
DA:6,0
DA:7,0
DA:11,1
LF:4
LH:2
end_of_record
SF:lib\features\landing_page\data\repository\photo_repository_impl.dart
DA:11,1
DA:14,1
DA:16,3
DA:17,1
DA:18,1
DA:19,0
DA:21,2
LF:7
LH:6
end_of_record
